[      53ms] [WARNING] The `useDefaultLang` and `defaultLanguage` options are deprecated. Please use `fallbackLang` instead. @ http://localhost:4200/@fs/home/dmytr/angular/book-club-fe/.angular/cache/21.2.8/book-club-fe/vite/deps/chunk-JKQKSC4T.js?v=77671496:1174
[      80ms] [LOG] Angular is running in development mode. @ http://localhost:4200/@fs/home/dmytr/angular/book-club-fe/.angular/cache/21.2.8/book-club-fe/vite/deps/chunk-U4E2ZLPZ.js?v=77671496:11183
[     910ms] [VERBOSE] [DOM] Input elements should have autocomplete attributes (suggested: "new-password"): (More info: https://goo.gl/9p2vKq) %o @ http://localhost:4200/register:0
[     910ms] [VERBOSE] [DOM] Input elements should have autocomplete attributes (suggested: "new-password"): (More info: https://goo.gl/9p2vKq) %o @ http://localhost:4200/register:0
[  249957ms] [WARNING] The `useDefaultLang` and `defaultLanguage` options are deprecated. Please use `fallbackLang` instead. @ http://localhost:4200/@fs/home/dmytr/angular/book-club-fe/.angular/cache/21.2.8/book-club-fe/vite/deps/chunk-JKQKSC4T.js?v=77671496:1174
[  249975ms] [LOG] Angular is running in development mode. @ http://localhost:4200/@fs/home/dmytr/angular/book-club-fe/.angular/cache/21.2.8/book-club-fe/vite/deps/chunk-U4E2ZLPZ.js?v=77671496:11183
[  250802ms] [VERBOSE] [DOM] Input elements should have autocomplete attributes (suggested: "new-password"): (More info: https://goo.gl/9p2vKq) %o @ http://localhost:4200/register:0
[  250802ms] [VERBOSE] [DOM] Input elements should have autocomplete attributes (suggested: "new-password"): (More info: https://goo.gl/9p2vKq) %o @ http://localhost:4200/register:0
[  257300ms] [WARNING] The `useDefaultLang` and `defaultLanguage` options are deprecated. Please use `fallbackLang` instead. @ http://localhost:4200/@fs/home/dmytr/angular/book-club-fe/.angular/cache/21.2.8/book-club-fe/vite/deps/chunk-JKQKSC4T.js?v=77671496:1174
[  257325ms] [LOG] Angular is running in development mode. @ http://localhost:4200/@fs/home/dmytr/angular/book-club-fe/.angular/cache/21.2.8/book-club-fe/vite/deps/chunk-U4E2ZLPZ.js?v=77671496:11183
[  258151ms] [VERBOSE] [DOM] Input elements should have autocomplete attributes (suggested: "new-password"): (More info: https://goo.gl/9p2vKq) %o @ http://localhost:4200/register:0
[  258151ms] [VERBOSE] [DOM] Input elements should have autocomplete attributes (suggested: "new-password"): (More info: https://goo.gl/9p2vKq) %o @ http://localhost:4200/register:0
[  266331ms] [WARNING] The `useDefaultLang` and `defaultLanguage` options are deprecated. Please use `fallbackLang` instead. @ http://localhost:4200/@fs/home/dmytr/angular/book-club-fe/.angular/cache/21.2.8/book-club-fe/vite/deps/chunk-JKQKSC4T.js?v=77671496:1174
[  266349ms] [LOG] Angular is running in development mode. @ http://localhost:4200/@fs/home/dmytr/angular/book-club-fe/.angular/cache/21.2.8/book-club-fe/vite/deps/chunk-U4E2ZLPZ.js?v=77671496:11183
[  267183ms] [VERBOSE] [DOM] Input elements should have autocomplete attributes (suggested: "new-password"): (More info: https://goo.gl/9p2vKq) %o @ http://localhost:4200/register:0
[  267183ms] [VERBOSE] [DOM] Input elements should have autocomplete attributes (suggested: "new-password"): (More info: https://goo.gl/9p2vKq) %o @ http://localhost:4200/register:0
[  273228ms] [WARNING] The `useDefaultLang` and `defaultLanguage` options are deprecated. Please use `fallbackLang` instead. @ http://localhost:4200/@fs/home/dmytr/angular/book-club-fe/.angular/cache/21.2.8/book-club-fe/vite/deps/chunk-JKQKSC4T.js?v=77671496:1174
[  273248ms] [LOG] Angular is running in development mode. @ http://localhost:4200/@fs/home/dmytr/angular/book-club-fe/.angular/cache/21.2.8/book-club-fe/vite/deps/chunk-U4E2ZLPZ.js?v=77671496:11183
[  274070ms] [VERBOSE] [DOM] Input elements should have autocomplete attributes (suggested: "new-password"): (More info: https://goo.gl/9p2vKq) %o @ http://localhost:4200/register:0
[  274070ms] [VERBOSE] [DOM] Input elements should have autocomplete attributes (suggested: "new-password"): (More info: https://goo.gl/9p2vKq) %o @ http://localhost:4200/register:0
[  372010ms] [WARNING] The `useDefaultLang` and `defaultLanguage` options are deprecated. Please use `fallbackLang` instead. @ http://localhost:4200/@fs/home/dmytr/angular/book-club-fe/.angular/cache/21.2.8/book-club-fe/vite/deps/chunk-JKQKSC4T.js?v=77671496:1174
[  372030ms] [LOG] Angular is running in development mode. @ http://localhost:4200/@fs/home/dmytr/angular/book-club-fe/.angular/cache/21.2.8/book-club-fe/vite/deps/chunk-U4E2ZLPZ.js?v=77671496:11183
[  372856ms] [VERBOSE] [DOM] Input elements should have autocomplete attributes (suggested: "new-password"): (More info: https://goo.gl/9p2vKq) %o @ http://localhost:4200/register:0
[  372856ms] [VERBOSE] [DOM] Input elements should have autocomplete attributes (suggested: "new-password"): (More info: https://goo.gl/9p2vKq) %o @ http://localhost:4200/register:0
[  375002ms] [WARNING] The `useDefaultLang` and `defaultLanguage` options are deprecated. Please use `fallbackLang` instead. @ http://localhost:4200/@fs/home/dmytr/angular/book-club-fe/.angular/cache/21.2.8/book-club-fe/vite/deps/chunk-JKQKSC4T.js?v=77671496:1174
[  375022ms] [LOG] Angular is running in development mode. @ http://localhost:4200/@fs/home/dmytr/angular/book-club-fe/.angular/cache/21.2.8/book-club-fe/vite/deps/chunk-U4E2ZLPZ.js?v=77671496:11183
[  375850ms] [VERBOSE] [DOM] Input elements should have autocomplete attributes (suggested: "new-password"): (More info: https://goo.gl/9p2vKq) %o @ http://localhost:4200/register:0
[  375850ms] [VERBOSE] [DOM] Input elements should have autocomplete attributes (suggested: "new-password"): (More info: https://goo.gl/9p2vKq) %o @ http://localhost:4200/register:0
[  383931ms] [WARNING] The `useDefaultLang` and `defaultLanguage` options are deprecated. Please use `fallbackLang` instead. @ http://localhost:4200/@fs/home/dmytr/angular/book-club-fe/.angular/cache/21.2.8/book-club-fe/vite/deps/chunk-JKQKSC4T.js?v=77671496:1174
[  383950ms] [LOG] Angular is running in development mode. @ http://localhost:4200/@fs/home/dmytr/angular/book-club-fe/.angular/cache/21.2.8/book-club-fe/vite/deps/chunk-U4E2ZLPZ.js?v=77671496:11183
[  384778ms] [VERBOSE] [DOM] Input elements should have autocomplete attributes (suggested: "new-password"): (More info: https://goo.gl/9p2vKq) %o @ http://localhost:4200/register:0
[  384778ms] [VERBOSE] [DOM] Input elements should have autocomplete attributes (suggested: "new-password"): (More info: https://goo.gl/9p2vKq) %o @ http://localhost:4200/register:0
[  469779ms] [WARNING] The `useDefaultLang` and `defaultLanguage` options are deprecated. Please use `fallbackLang` instead. @ http://localhost:4200/@fs/home/dmytr/angular/book-club-fe/.angular/cache/21.2.8/book-club-fe/vite/deps/chunk-JKQKSC4T.js?v=77671496:1174
[  469796ms] [LOG] Angular is running in development mode. @ http://localhost:4200/@fs/home/dmytr/angular/book-club-fe/.angular/cache/21.2.8/book-club-fe/vite/deps/chunk-U4E2ZLPZ.js?v=77671496:11183
[  470633ms] [VERBOSE] [DOM] Input elements should have autocomplete attributes (suggested: "new-password"): (More info: https://goo.gl/9p2vKq) %o @ http://localhost:4200/register:0
[  470633ms] [VERBOSE] [DOM] Input elements should have autocomplete attributes (suggested: "new-password"): (More info: https://goo.gl/9p2vKq) %o @ http://localhost:4200/register:0
[  482544ms] [WARNING] The `useDefaultLang` and `defaultLanguage` options are deprecated. Please use `fallbackLang` instead. @ http://localhost:4200/@fs/home/dmytr/angular/book-club-fe/.angular/cache/21.2.8/book-club-fe/vite/deps/chunk-JKQKSC4T.js?v=77671496:1174
[  482565ms] [LOG] Angular is running in development mode. @ http://localhost:4200/@fs/home/dmytr/angular/book-club-fe/.angular/cache/21.2.8/book-club-fe/vite/deps/chunk-U4E2ZLPZ.js?v=77671496:11183
[  483389ms] [VERBOSE] [DOM] Input elements should have autocomplete attributes (suggested: "new-password"): (More info: https://goo.gl/9p2vKq) %o @ http://localhost:4200/register:0
[  483389ms] [VERBOSE] [DOM] Input elements should have autocomplete attributes (suggested: "new-password"): (More info: https://goo.gl/9p2vKq) %o @ http://localhost:4200/register:0
