[      60ms] [WARNING] The `useDefaultLang` and `defaultLanguage` options are deprecated. Please use `fallbackLang` instead. @ http://localhost:4200/@fs/home/dmytr/angular/book-club-fe/.angular/cache/21.2.8/book-club-fe/vite/deps/chunk-JKQKSC4T.js?v=77671496:1174
[      86ms] [LOG] Angular is running in development mode. @ http://localhost:4200/@fs/home/dmytr/angular/book-club-fe/.angular/cache/21.2.8/book-club-fe/vite/deps/chunk-U4E2ZLPZ.js?v=77671496:11183
[     164ms] [LOG] NG0751: Angular has detected that this application contains `@defer` blocks and the hot module replacement (HMR) mode is enabled. All `@defer` block dependencies will be loaded eagerly. Find more at https://v21.angular.dev/errors/NG0751 @ http://localhost:4200/@fs/home/dmytr/angular/book-club-fe/.angular/cache/21.2.8/book-club-fe/vite/deps/chunk-U4E2ZLPZ.js?v=77671496:11183
[     192ms] [ERROR] Failed to load resource: the server responded with a status of 404 (Not Found) @ http://localhost:8000/api/v1/quizzes/quiz-001:0
[     196ms] [ERROR] ERROR ResourceValueError: Resource is currently in an error state (see Error.cause for details): Not found
    at ResourceImpl.__spreadValues.equal.equal [as computation] (http://localhost:4200/@fs/home/dmytr/angular/book-club-fe/.angular/cache/21.2.8/book-club-fe/vite/deps/chunk-DKCVYCB6.js?v=77671496:3698:15)
    at Object.producerRecomputeValue (http://localhost:4200/@fs/home/dmytr/angular/book-club-fe/.angular/cache/21.2.8/book-club-fe/vite/deps/chunk-DKCVYCB6.js?v=77671496:307:25)
    at producerUpdateValueVersion (http://localhost:4200/@fs/home/dmytr/angular/book-club-fe/.angular/cache/21.2.8/book-club-fe/vite/deps/chunk-DKCVYCB6.js?v=77671496:108:8)
    at consumerPollProducersForChange (http://localhost:4200/@fs/home/dmytr/angular/book-club-fe/.angular/cache/21.2.8/book-club-fe/vite/deps/chunk-DKCVYCB6.js?v=77671496:176:5)
    at runEffect (http://localhost:4200/@fs/home/dmytr/angular/book-club-fe/.angular/cache/21.2.8/book-club-fe/vite/deps/chunk-DKCVYCB6.js?v=77671496:392:28)
    at Object.run (http://localhost:4200/@fs/home/dmytr/angular/book-club-fe/.angular/cache/21.2.8/book-club-fe/vite/deps/chunk-DKCVYCB6.js?v=77671496:3455:7)
    at runEffectsInView (http://localhost:4200/@fs/home/dmytr/angular/book-club-fe/.angular/cache/21.2.8/book-club-fe/vite/deps/chunk-U4E2ZLPZ.js?v=77671496:5890:17)
    at detectChangesInView (http://localhost:4200/@fs/home/dmytr/angular/book-club-fe/.angular/cache/21.2.8/book-club-fe/vite/deps/chunk-U4E2ZLPZ.js?v=77671496:6114:9)
    at detectChangesInViewIfAttached (http://localhost:4200/@fs/home/dmytr/angular/book-club-fe/.angular/cache/21.2.8/book-club-fe/vite/deps/chunk-U4E2ZLPZ.js?v=77671496:6092:3)
    at detectChangesInEmbeddedViews (http://localhost:4200/@fs/home/dmytr/angular/book-club-fe/.angular/cache/21.2.8/book-club-fe/vite/deps/chunk-U4E2ZLPZ.js?v=77671496:6063:7) @ http://localhost:4200/@fs/home/dmytr/angular/book-club-fe/.angular/cache/21.2.8/book-club-fe/vite/deps/chunk-DKCVYCB6.js?v=77671496:3171
[  171875ms] [WARNING] The `useDefaultLang` and `defaultLanguage` options are deprecated. Please use `fallbackLang` instead. @ http://localhost:4200/@fs/home/dmytr/angular/book-club-fe/.angular/cache/21.2.8/book-club-fe/vite/deps/chunk-JKQKSC4T.js?v=77671496:1174
[  171894ms] [LOG] Angular is running in development mode. @ http://localhost:4200/@fs/home/dmytr/angular/book-club-fe/.angular/cache/21.2.8/book-club-fe/vite/deps/chunk-U4E2ZLPZ.js?v=77671496:11183
[  171962ms] [LOG] NG0751: Angular has detected that this application contains `@defer` blocks and the hot module replacement (HMR) mode is enabled. All `@defer` block dependencies will be loaded eagerly. Find more at https://v21.angular.dev/errors/NG0751 @ http://localhost:4200/@fs/home/dmytr/angular/book-club-fe/.angular/cache/21.2.8/book-club-fe/vite/deps/chunk-U4E2ZLPZ.js?v=77671496:11183
[  171975ms] [ERROR] Failed to load resource: the server responded with a status of 404 (Not Found) @ http://localhost:8000/api/v1/quizzes/quiz-001:0
[  171983ms] [ERROR] ERROR ResourceValueError: Resource is currently in an error state (see Error.cause for details): Not found
    at ResourceImpl.__spreadValues.equal.equal [as computation] (http://localhost:4200/@fs/home/dmytr/angular/book-club-fe/.angular/cache/21.2.8/book-club-fe/vite/deps/chunk-DKCVYCB6.js?v=77671496:3698:15)
    at Object.producerRecomputeValue (http://localhost:4200/@fs/home/dmytr/angular/book-club-fe/.angular/cache/21.2.8/book-club-fe/vite/deps/chunk-DKCVYCB6.js?v=77671496:307:25)
    at producerUpdateValueVersion (http://localhost:4200/@fs/home/dmytr/angular/book-club-fe/.angular/cache/21.2.8/book-club-fe/vite/deps/chunk-DKCVYCB6.js?v=77671496:108:8)
    at consumerPollProducersForChange (http://localhost:4200/@fs/home/dmytr/angular/book-club-fe/.angular/cache/21.2.8/book-club-fe/vite/deps/chunk-DKCVYCB6.js?v=77671496:176:5)
    at runEffect (http://localhost:4200/@fs/home/dmytr/angular/book-club-fe/.angular/cache/21.2.8/book-club-fe/vite/deps/chunk-DKCVYCB6.js?v=77671496:392:28)
    at Object.run (http://localhost:4200/@fs/home/dmytr/angular/book-club-fe/.angular/cache/21.2.8/book-club-fe/vite/deps/chunk-DKCVYCB6.js?v=77671496:3455:7)
    at runEffectsInView (http://localhost:4200/@fs/home/dmytr/angular/book-club-fe/.angular/cache/21.2.8/book-club-fe/vite/deps/chunk-U4E2ZLPZ.js?v=77671496:5890:17)
    at detectChangesInView (http://localhost:4200/@fs/home/dmytr/angular/book-club-fe/.angular/cache/21.2.8/book-club-fe/vite/deps/chunk-U4E2ZLPZ.js?v=77671496:6114:9)
    at detectChangesInViewIfAttached (http://localhost:4200/@fs/home/dmytr/angular/book-club-fe/.angular/cache/21.2.8/book-club-fe/vite/deps/chunk-U4E2ZLPZ.js?v=77671496:6092:3)
    at detectChangesInEmbeddedViews (http://localhost:4200/@fs/home/dmytr/angular/book-club-fe/.angular/cache/21.2.8/book-club-fe/vite/deps/chunk-U4E2ZLPZ.js?v=77671496:6063:7) @ http://localhost:4200/@fs/home/dmytr/angular/book-club-fe/.angular/cache/21.2.8/book-club-fe/vite/deps/chunk-DKCVYCB6.js?v=77671496:3171
[  181700ms] [WARNING] The `useDefaultLang` and `defaultLanguage` options are deprecated. Please use `fallbackLang` instead. @ http://localhost:4200/@fs/home/dmytr/angular/book-club-fe/.angular/cache/21.2.8/book-club-fe/vite/deps/chunk-JKQKSC4T.js?v=77671496:1174
[  181724ms] [LOG] Angular is running in development mode. @ http://localhost:4200/@fs/home/dmytr/angular/book-club-fe/.angular/cache/21.2.8/book-club-fe/vite/deps/chunk-U4E2ZLPZ.js?v=77671496:11183
[  181774ms] [LOG] NG0751: Angular has detected that this application contains `@defer` blocks and the hot module replacement (HMR) mode is enabled. All `@defer` block dependencies will be loaded eagerly. Find more at https://v21.angular.dev/errors/NG0751 @ http://localhost:4200/@fs/home/dmytr/angular/book-club-fe/.angular/cache/21.2.8/book-club-fe/vite/deps/chunk-U4E2ZLPZ.js?v=77671496:11183
[  181788ms] [ERROR] Failed to load resource: the server responded with a status of 404 (Not Found) @ http://localhost:8000/api/v1/quizzes/quiz-001:0
[  181795ms] [ERROR] ERROR ResourceValueError: Resource is currently in an error state (see Error.cause for details): Not found
    at ResourceImpl.__spreadValues.equal.equal [as computation] (http://localhost:4200/@fs/home/dmytr/angular/book-club-fe/.angular/cache/21.2.8/book-club-fe/vite/deps/chunk-DKCVYCB6.js?v=77671496:3698:15)
    at Object.producerRecomputeValue (http://localhost:4200/@fs/home/dmytr/angular/book-club-fe/.angular/cache/21.2.8/book-club-fe/vite/deps/chunk-DKCVYCB6.js?v=77671496:307:25)
    at producerUpdateValueVersion (http://localhost:4200/@fs/home/dmytr/angular/book-club-fe/.angular/cache/21.2.8/book-club-fe/vite/deps/chunk-DKCVYCB6.js?v=77671496:108:8)
    at consumerPollProducersForChange (http://localhost:4200/@fs/home/dmytr/angular/book-club-fe/.angular/cache/21.2.8/book-club-fe/vite/deps/chunk-DKCVYCB6.js?v=77671496:176:5)
    at runEffect (http://localhost:4200/@fs/home/dmytr/angular/book-club-fe/.angular/cache/21.2.8/book-club-fe/vite/deps/chunk-DKCVYCB6.js?v=77671496:392:28)
    at Object.run (http://localhost:4200/@fs/home/dmytr/angular/book-club-fe/.angular/cache/21.2.8/book-club-fe/vite/deps/chunk-DKCVYCB6.js?v=77671496:3455:7)
    at runEffectsInView (http://localhost:4200/@fs/home/dmytr/angular/book-club-fe/.angular/cache/21.2.8/book-club-fe/vite/deps/chunk-U4E2ZLPZ.js?v=77671496:5890:17)
    at detectChangesInView (http://localhost:4200/@fs/home/dmytr/angular/book-club-fe/.angular/cache/21.2.8/book-club-fe/vite/deps/chunk-U4E2ZLPZ.js?v=77671496:6114:9)
    at detectChangesInViewIfAttached (http://localhost:4200/@fs/home/dmytr/angular/book-club-fe/.angular/cache/21.2.8/book-club-fe/vite/deps/chunk-U4E2ZLPZ.js?v=77671496:6092:3)
    at detectChangesInEmbeddedViews (http://localhost:4200/@fs/home/dmytr/angular/book-club-fe/.angular/cache/21.2.8/book-club-fe/vite/deps/chunk-U4E2ZLPZ.js?v=77671496:6063:7) @ http://localhost:4200/@fs/home/dmytr/angular/book-club-fe/.angular/cache/21.2.8/book-club-fe/vite/deps/chunk-DKCVYCB6.js?v=77671496:3171
